<?xml version="1.0" encoding="UTF-8"?>
<!-- Generated by org.testng.reporters.JUnitReportReporter -->
<testsuite hostname="ADMIN-PC" name="Com.LetMeCall.pages.Home_page" tests="1" failures="0" timestamp="10 Dec 2018 13:13:30 GMT" time="83.599" errors="0">
  <testcase name="open_page" time="83.599" classname="Com.LetMeCall.pages.Home_page"/>
</testsuite> <!-- Com.LetMeCall.pages.Home_page -->
