<?xml version="1.0" encoding="UTF-8"?>
<!-- Generated by org.testng.reporters.JUnitReportReporter -->
<testsuite hostname="ADMIN-PC" name="Com.LetMeCall1.LMC.Registeration_TC_002" tests="1" failures="0" timestamp="28 Dec 2018 05:36:08 GMT" time="40.118" errors="0">
  <testcase name="cust_reg" time="40.118" classname="Com.LetMeCall1.LMC.Registeration_TC_002"/>
</testsuite> <!-- Com.LetMeCall1.LMC.Registeration_TC_002 -->
